2018-07-24 15:54:52,122 0      [           main] INFO  ClassPathXmlApplicationContext  - Refreshing org.springframework.context.support.ClassPathXmlApplicationContext@61443d8f: startup date [Tue Jul 24 15:54:52 CST 2018]; root of context hierarchy
2018-07-24 15:54:52,170 48     [           main] INFO  ry.xml.XmlBeanDefinitionReader  - Loading XML bean definitions from class path resource [applicationContext-dao.xml]
2018-07-24 15:54:52,594 472    [           main] INFO         com.mchange.v2.log.MLog  - MLog clients using log4j logging.
2018-07-24 15:54:53,417 1295   [           main] INFO  m.mchange.v2.c3p0.C3P0Registry  - Initializing c3p0-0.9.1.2 [built 21-May-2007 15:04:56; debug? true; trace: 10]
2018-07-24 15:54:53,666 1544   [           main] INFO           org.hibernate.Version  - HHH000412: Hibernate Core {5.0.7.Final}
2018-07-24 15:54:53,669 1547   [           main] INFO   org.hibernate.cfg.Environment  - HHH000206: hibernate.properties not found
2018-07-24 15:54:53,670 1548   [           main] INFO   org.hibernate.cfg.Environment  - HHH000021: Bytecode provider name : javassist
2018-07-24 15:54:55,028 2906   [           main] INFO  ate.annotations.common.Version  - HCANN000001: Hibernate Commons Annotations {5.0.1.Final}
2018-07-24 15:54:56,270 4148   [           main] INFO  l.AbstractPoolBackedDataSource  - Initializing c3p0 pool... com.mchange.v2.c3p0.ComboPooledDataSource [ acquireIncrement -> 3, acquireRetryAttempts -> 30, acquireRetryDelay -> 1000, autoCommitOnClose -> false, automaticTestTable -> null, breakAfterAcquireFailure -> false, checkoutTimeout -> 0, connectionCustomizerClassName -> null, connectionTesterClassName -> com.mchange.v2.c3p0.impl.DefaultConnectionTester, dataSourceName -> 1b60lqm9w1kejluqoo6rb5|6aba2b86, debugUnreturnedConnectionStackTraces -> false, description -> null, driverClass -> com.mysql.jdbc.Driver, factoryClassLocation -> null, forceIgnoreUnresolvedTransactions -> false, identityToken -> 1b60lqm9w1kejluqoo6rb5|6aba2b86, idleConnectionTestPeriod -> 0, initialPoolSize -> 3, jdbcUrl -> jdbc:mysql://127.0.0.1:3306/ssh01?characterEncoding=utf8, maxAdministrativeTaskTime -> 0, maxConnectionAge -> 0, maxIdleTime -> 0, maxIdleTimeExcessConnections -> 0, maxPoolSize -> 15, maxStatements -> 0, maxStatementsPerConnection -> 0, minPoolSize -> 3, numHelperThreads -> 3, numThreadsAwaitingCheckoutDefaultUser -> 0, preferredTestQuery -> null, properties -> {user=******, password=******}, propertyCycle -> 0, testConnectionOnCheckin -> false, testConnectionOnCheckout -> false, unreturnedConnectionTimeout -> 0, usesTraditionalReflectiveProxies -> false ]
2018-07-24 15:54:56,652 4530   [           main] INFO   org.hibernate.dialect.Dialect  - HHH000400: Using dialect: org.hibernate.dialect.MySQLDialect
2018-07-24 15:54:56,696 4574   [           main] INFO  internal.LobCreatorBuilderImpl  - HHH000423: Disabling contextual LOB creation as JDBC driver reported JDBC version [3] less than 4
2018-07-24 15:54:56,824 4702   [           main] WARN  rnal.SessionFactoryBuilderImpl  - Unrecognized hbm2ddl_auto value : none.  Supported values include create, create-drop, update, and validate.  Ignoring
2018-07-24 15:54:57,430 5308   [           main] INFO  ueryTranslatorFactoryInitiator  - HHH000397: Using ASTQueryTranslatorFactory
2018-07-25 10:41:35,398 0      [           main] INFO  ClassPathXmlApplicationContext  - Refreshing org.springframework.context.support.ClassPathXmlApplicationContext@38082d64: startup date [Wed Jul 25 10:41:35 CST 2018]; root of context hierarchy
2018-07-25 10:41:35,435 37     [           main] INFO  ry.xml.XmlBeanDefinitionReader  - Loading XML bean definitions from class path resource [applicationContext-dao.xml]
2018-07-25 10:41:35,862 464    [           main] INFO         com.mchange.v2.log.MLog  - MLog clients using log4j logging.
2018-07-25 10:41:36,553 1155   [           main] INFO  m.mchange.v2.c3p0.C3P0Registry  - Initializing c3p0-0.9.1.2 [built 21-May-2007 15:04:56; debug? true; trace: 10]
2018-07-25 10:41:36,777 1379   [           main] INFO           org.hibernate.Version  - HHH000412: Hibernate Core {5.0.7.Final}
2018-07-25 10:41:36,780 1382   [           main] INFO   org.hibernate.cfg.Environment  - HHH000206: hibernate.properties not found
2018-07-25 10:41:36,782 1384   [           main] INFO   org.hibernate.cfg.Environment  - HHH000021: Bytecode provider name : javassist
2018-07-25 10:41:38,036 2638   [           main] INFO  ate.annotations.common.Version  - HCANN000001: Hibernate Commons Annotations {5.0.1.Final}
2018-07-25 10:41:39,207 3809   [           main] INFO  l.AbstractPoolBackedDataSource  - Initializing c3p0 pool... com.mchange.v2.c3p0.ComboPooledDataSource [ acquireIncrement -> 3, acquireRetryAttempts -> 30, acquireRetryDelay -> 1000, autoCommitOnClose -> false, automaticTestTable -> null, breakAfterAcquireFailure -> false, checkoutTimeout -> 0, connectionCustomizerClassName -> null, connectionTesterClassName -> com.mchange.v2.c3p0.impl.DefaultConnectionTester, dataSourceName -> 1b60lqm9w1liskux139jx3t|4218d6a3, debugUnreturnedConnectionStackTraces -> false, description -> null, driverClass -> com.mysql.jdbc.Driver, factoryClassLocation -> null, forceIgnoreUnresolvedTransactions -> false, identityToken -> 1b60lqm9w1liskux139jx3t|4218d6a3, idleConnectionTestPeriod -> 0, initialPoolSize -> 3, jdbcUrl -> jdbc:mysql://127.0.0.1:3306/ssh01?characterEncoding=utf8, maxAdministrativeTaskTime -> 0, maxConnectionAge -> 0, maxIdleTime -> 0, maxIdleTimeExcessConnections -> 0, maxPoolSize -> 15, maxStatements -> 0, maxStatementsPerConnection -> 0, minPoolSize -> 3, numHelperThreads -> 3, numThreadsAwaitingCheckoutDefaultUser -> 0, preferredTestQuery -> null, properties -> {user=******, password=******}, propertyCycle -> 0, testConnectionOnCheckin -> false, testConnectionOnCheckout -> false, unreturnedConnectionTimeout -> 0, usesTraditionalReflectiveProxies -> false ]
2018-07-25 10:41:39,448 4050   [           main] INFO   org.hibernate.dialect.Dialect  - HHH000400: Using dialect: org.hibernate.dialect.MySQLDialect
2018-07-25 10:41:39,498 4100   [           main] INFO  internal.LobCreatorBuilderImpl  - HHH000423: Disabling contextual LOB creation as JDBC driver reported JDBC version [3] less than 4
2018-07-25 10:41:39,620 4222   [           main] WARN  rnal.SessionFactoryBuilderImpl  - Unrecognized hbm2ddl_auto value : none.  Supported values include create, create-drop, update, and validate.  Ignoring
2018-07-25 10:41:40,028 4630   [           main] INFO  ueryTranslatorFactoryInitiator  - HHH000397: Using ASTQueryTranslatorFactory
